<?xml version="1.0" encoding="UTF-8"?>
<!-- Generated by org.testng.reporters.JUnitReportReporter -->
<testsuite hostname="User-PC" name="Day2.Tesng_learning" tests="2" failures="0" timestamp="25 Oct 2015 05:05:37 GMT" time="0.024" errors="0">
  <testcase name="logout" time="0.002" classname="Day2.Tesng_learning"/>
  <testcase name="Sendmail" time="0.022" classname="Day2.Tesng_learning"/>
</testsuite> <!-- Day2.Tesng_learning -->
