<?xml version="1.0" encoding="UTF-8"?>
<!-- Generated by org.testng.reporters.JUnitReportReporter -->
<testsuite hostname="User-PC" name="Framework.Scenario_Login_Component" tests="2" failures="0" timestamp="12 Sep 2015 07:31:28 GMT" time="114.797" errors="0">
  <testcase name="Invalid_login_test" time="27.257" classname="Framework.Scenario_Login_Component"/>
  <testcase name="Valid_login_test" time="87.540" classname="Framework.Scenario_Login_Component"/>
</testsuite> <!-- Framework.Scenario_Login_Component -->
