<?xml version="1.0" encoding="UTF-8"?>
<!-- Generated by org.testng.reporters.JUnitReportReporter -->
<testsuite hostname="User-PC" name="learning.Scenario_Login" tests="7" failures="0" timestamp="11 Sep 2015 10:08:20 GMT" time="94.613" errors="0">
  <testcase name="InValidLogintest" time="17.133" classname="learning.Scenario_Login"/>
  <testcase name="InValidLogintest" time="12.761" classname="learning.Scenario_Login"/>
  <testcase name="InValidLogintest" time="11.226" classname="learning.Scenario_Login"/>
  <testcase name="InValidLogintest" time="11.158" classname="learning.Scenario_Login"/>
  <testcase name="Valid_Login" time="13.290" classname="learning.Scenario_Login"/>
  <testcase name="InValidLogintest" time="10.924" classname="learning.Scenario_Login"/>
  <testcase name="InValidLogintest" time="18.121" classname="learning.Scenario_Login"/>
</testsuite> <!-- learning.Scenario_Login -->
