<?xml version="1.0" encoding="UTF-8"?>
<!-- Generated by org.testng.reporters.JUnitReportReporter -->
<testsuite hostname="User-PC" name="lp.testng_assert" tests="3" failures="0" timestamp="24 Oct 2015 20:57:53 GMT" time="0.047" errors="0">
  <testcase name="testLogin" time="0.047" classname="lp.testng_assert"/>
  <testcase name="Sendmail" time="0.000" classname="lp.testng_assert"/>
  <testcase name="Logout" time="0.000" classname="lp.testng_assert"/>
</testsuite> <!-- lp.testng_assert -->
