<?xml version="1.0" encoding="UTF-8"?>
<!-- Generated by org.testng.reporters.JUnitReportReporter -->
<testsuite hostname="User-PC" name="Framework.Login_Component_Reference_Groups" tests="1" failures="0" timestamp="15 Sep 2015 05:43:33 GMT" time="18.881" errors="0">
  <testcase name="Valid_login_test" time="18.881" classname="Framework.Login_Component_Reference_Groups"/>
</testsuite> <!-- Framework.Login_Component_Reference_Groups -->
