<?xml version="1.0" encoding="UTF-8"?>
<!-- Generated by org.testng.reporters.JUnitReportReporter -->
<testsuite hostname="User-PC" name="learning.Scenario_Login_Component" tests="2" failures="0" timestamp="11 Sep 2015 19:50:24 GMT" time="19.458" errors="0">
  <testcase name="Invalid_Login_Test" time="9.825" classname="learning.Scenario_Login_Component"/>
  <testcase name="Valid_Login_Test" time="9.633" classname="learning.Scenario_Login_Component"/>
</testsuite> <!-- learning.Scenario_Login_Component -->
