<?xml version="1.0" encoding="UTF-8"?>
<!-- Generated by org.testng.reporters.JUnitReportReporter -->
<testsuite hostname="User-PC" name="learning.Scenario_Login_Component_reference1" tests="1" failures="0" timestamp="12 Sep 2015 10:21:53 GMT" time="18.412" errors="0">
  <testcase name="Invalid_Login_Test" time="18.412" classname="learning.Scenario_Login_Component_reference1"/>
</testsuite> <!-- learning.Scenario_Login_Component_reference1 -->
