<?xml version="1.0" encoding="UTF-8"?>
<!-- Generated by org.testng.reporters.JUnitReportReporter -->
<testsuite hostname="User-PC" name="lp.testng_neg" tests="3" failures="0" timestamp="24 Oct 2015 16:36:32 GMT" time="0.016" errors="0">
  <testcase name="testLogin" time="0.000" classname="lp.testng_neg"/>
  <testcase name="Sendmail" time="0.000" classname="lp.testng_neg"/>
  <testcase name="Logout" time="0.016" classname="lp.testng_neg"/>
</testsuite> <!-- lp.testng_neg -->
