<?xml version="1.0" encoding="UTF-8"?>
<!-- Generated by org.testng.reporters.JUnitReportReporter -->
<testsuite hostname="User-PC" name="Day2.Testng_with_priority" tests="3" failures="0" timestamp="25 Oct 2015 05:12:22 GMT" time="0.010" errors="0">
  <testcase name="testlogin" time="0.000" classname="Day2.Testng_with_priority"/>
  <testcase name="logout" time="0.000" classname="Day2.Testng_with_priority"/>
  <testcase name="Sendmail" time="0.010" classname="Day2.Testng_with_priority"/>
</testsuite> <!-- Day2.Testng_with_priority -->
