<?xml version="1.0" encoding="UTF-8"?>
<!-- Generated by org.testng.reporters.JUnitReportReporter -->
<testsuite hostname="User-PC" name="lp.Testng_learning" tests="3" failures="0" timestamp="24 Oct 2015 16:27:34 GMT" time="0.172" errors="0">
  <testcase name="testLogin" time="0.000" classname="lp.Testng_learning"/>
  <testcase name="Sendmail" time="0.000" classname="lp.Testng_learning"/>
  <testcase name="Logout" time="0.172" classname="lp.Testng_learning"/>
</testsuite> <!-- lp.Testng_learning -->
