<?xml version="1.0" encoding="UTF-8"?>
<!-- Generated by org.testng.reporters.JUnitReportReporter -->
<testsuite hostname="User-PC" name="lp.jk" tests="3" failures="0" timestamp="24 Oct 2015 12:31:29 GMT" time="0.033" errors="0">
  <testcase name="testlogin" time="0.000" classname="lp.jk"/>
  <testcase name="logout" time="0.001" classname="lp.jk"/>
  <testcase name="Sendmail" time="0.032" classname="lp.jk"/>
</testsuite> <!-- lp.jk -->
