<?xml version="1.0" encoding="UTF-8"?>
<!-- Generated by org.testng.reporters.JUnitReportReporter -->
<testsuite hostname="User-PC" name="Framework.Scenario_Login_Component_Reference" tests="3" failures="0" timestamp="13 Sep 2015 05:00:44 GMT" time="26.567" errors="0">
  <testcase name="Invalid_login_test" time="6.796" classname="Framework.Scenario_Login_Component_Reference"/>
  <testcase name="Invalid_login_test" time="12.067" classname="Framework.Scenario_Login_Component_Reference"/>
  <testcase name="Invalid_login_test" time="7.704" classname="Framework.Scenario_Login_Component_Reference"/>
</testsuite> <!-- Framework.Scenario_Login_Component_Reference -->
