<?xml version="1.0" encoding="UTF-8"?>
<!-- Generated by org.testng.reporters.JUnitReportReporter -->
<testsuite hostname="User-PC" name="Framework.Scenario_Book_Search" tests="1" failures="0" timestamp="27 Sep 2015 10:38:01 GMT" time="13.782" errors="0">
  <testcase name="Valid_Book_Search_test" time="13.782" classname="Framework.Scenario_Book_Search"/>
</testsuite> <!-- Framework.Scenario_Book_Search -->
