<?xml version="1.0" encoding="UTF-8"?>
<!-- Generated by org.testng.reporters.JUnitReportReporter -->
<testsuite hostname="User-PC" name="learning.Testing_EMI" tests="2" failures="0" timestamp="11 Sep 2015 06:25:14 GMT" time="48.636" errors="0">
  <testcase name="Scenario_EMI" time="38.993" classname="learning.Testing_EMI"/>
  <testcase name="Scenario_EMI" time="9.643" classname="learning.Testing_EMI"/>
</testsuite> <!-- learning.Testing_EMI -->
