<?xml version="1.0" encoding="UTF-8"?>
<!-- Generated by org.testng.reporters.JUnitReportReporter -->
<testsuite hostname="User-PC" name="Framework.Scenario_Book_Search" tests="1" failures="0" timestamp="15 Sep 2015 05:43:33 GMT" time="14.098" errors="0">
  <testcase name="Valid_Book_Search_test" time="14.098" classname="Framework.Scenario_Book_Search"/>
</testsuite> <!-- Framework.Scenario_Book_Search -->
