<?xml version="1.0" encoding="UTF-8"?>
<!-- Generated by org.testng.reporters.JUnitReportReporter -->
<testsuite hostname="User-PC" name="gg.Scenario_Book_Search1" tests="1" failures="0" timestamp="12 Sep 2015 21:53:07 GMT" time="9.516" errors="0">
  <testcase name="Valid_Search_test" time="9.516" classname="gg.Scenario_Book_Search1"/>
</testsuite> <!-- gg.Scenario_Book_Search1 -->
