<?xml version="1.0" encoding="UTF-8"?>
<!-- Generated by org.testng.reporters.JUnitReportReporter -->
<testsuite hostname="User-PC" name="gg.Scenario_Login_Component_Reference1" tests="1" failures="0" timestamp="12 Sep 2015 21:54:53 GMT" time="9.433" errors="0">
  <testcase name="Invalid_login_test" time="9.433" classname="gg.Scenario_Login_Component_Reference1"/>
</testsuite> <!-- gg.Scenario_Login_Component_Reference1 -->
