<?xml version="1.0" encoding="UTF-8"?>
<!-- Generated by org.testng.reporters.JUnitReportReporter -->
<testsuite hostname="User-PC" name="lp.Scenario_Login" tests="2" failures="0" timestamp="29 Oct 2015 11:07:04 GMT" time="26.692" errors="0">
  <testcase name="test_Invalid_login" time="14.476" classname="lp.Scenario_Login"/>
  <testcase name="test_Invalid_login" time="12.216" classname="lp.Scenario_Login"/>
</testsuite> <!-- lp.Scenario_Login -->
