<?xml version="1.0" encoding="UTF-8"?>
<!-- Generated by org.testng.reporters.JUnitReportReporter -->
<testsuite hostname="User-PC" name="Day2.testng_negative" tests="3" failures="0" timestamp="25 Oct 2015 05:17:34 GMT" time="0.030" errors="0">
  <testcase name="testlogin" time="0.010" classname="Day2.testng_negative"/>
  <testcase name="Sendmail" time="0.000" classname="Day2.testng_negative"/>
  <testcase name="logout" time="0.020" classname="Day2.testng_negative"/>
</testsuite> <!-- Day2.testng_negative -->
