<?xml version="1.0" encoding="UTF-8"?>
<!-- Generated by org.testng.reporters.JUnitReportReporter -->
<testsuite hostname="User-PC" name="Framework.Scenario_Purchase_Component" tests="1" failures="0" timestamp="27 Sep 2015 10:00:26 GMT" time="19.555" errors="0">
  <testcase name="DeleteCart_test" time="19.555" classname="Framework.Scenario_Purchase_Component"/>
</testsuite> <!-- Framework.Scenario_Purchase_Component -->
