<?xml version="1.0" encoding="UTF-8"?>
<!-- Generated by org.testng.reporters.JUnitReportReporter -->
<testsuite hostname="User-PC" name="gg.Scenario_Purchase1" tests="1" failures="0" timestamp="19 Sep 2015 01:38:11 GMT" time="17.349" errors="0">
  <testcase name="DeleteCart_test" time="17.349" classname="gg.Scenario_Purchase1"/>
</testsuite> <!-- gg.Scenario_Purchase1 -->
