<?xml version="1.0" encoding="UTF-8"?>
<!-- Generated by org.testng.reporters.JUnitReportReporter -->
<testsuite hostname="User-PC" name="Framework.Scenario_Book_Search" tests="1" failures="0" timestamp="16 Sep 2015 09:14:57 GMT" time="18.144" errors="0">
  <testcase name="Valid_Book_Search_test" time="18.144" classname="Framework.Scenario_Book_Search"/>
</testsuite> <!-- Framework.Scenario_Book_Search -->
