<?xml version="1.0" encoding="UTF-8"?>
<!-- Generated by org.testng.reporters.JUnitReportReporter -->
<testsuite hostname="User-PC" name="Framework.Login_Component_Reference_Groups" tests="1" failures="0" timestamp="16 Sep 2015 09:14:57 GMT" time="32.243" errors="0">
  <testcase name="Valid_login_test" time="32.243" classname="Framework.Login_Component_Reference_Groups"/>
</testsuite> <!-- Framework.Login_Component_Reference_Groups -->
